<?xml version="1.0" encoding="UTF-8"?>
<!-- Generated by org.testng.reporters.JUnitReportReporter -->
<testsuite hostname="E540" failures="0" tests="1" name="PHPTravels.HomePageSignUp" time="16.074" errors="0" timestamp="20 Aug 2019 22:30:58 GMT">
  <testcase classname="PHPTravels.HomePageSignUp" name="baseHomePageSignUp" time="16.074"/>
</testsuite> <!-- PHPTravels.HomePageSignUp -->
