<?xml version="1.0" encoding="UTF-8"?>
<!-- Generated by org.testng.reporters.JUnitReportReporter -->
<testsuite hostname="E540" failures="0" tests="1" name="PHPTravels.HomePageSignIn" time="24.789" errors="0" timestamp="28 Aug 2019 12:12:19 GMT">
  <testcase classname="PHPTravels.HomePageSignIn" name="baseHomePageSignIn" time="24.789"/>
</testsuite> <!-- PHPTravels.HomePageSignIn -->
