<?xml version="1.0" encoding="UTF-8"?>
<!-- Generated by org.testng.reporters.JUnitReportReporter -->
<testsuite hostname="E540" failures="0" tests="1" name="PHPTravels.HomePage" time="8.726" errors="0" timestamp="19 Aug 2019 20:34:56 GMT">
  <testcase classname="PHPTravels.HomePage" name="landingPage" time="8.726"/>
</testsuite> <!-- PHPTravels.HomePage -->
